C51 COMPILER V9.01   DRV_TMR                                                               03/11/2019 10:40:54 PAGE 1   


C51 COMPILER V9.01, COMPILATION OF MODULE DRV_TMR
OBJECT MODULE PLACED IN .\Drv_TMR.obj
COMPILER INVOKED BY: C:\Keil\C51\BIN\C51.EXE ..\C_Source\S1_HardDrv\V9811A_MCU\Drv_TMR.c LARGE BROWSE INCDIR(..\C_Source
                    -\S0_System;..\C_Source\S1_HardDrv;..\C_Source\S2_MyLib;..\C_Source\S3_ApiPlat;..\C_Source\S4_ApiUser;..\C_Source\S5_ApiP
                    -rotocol;..\C_Source\S6_MyIncludes;..\C_Source\S1_HardDrv\V9811A_EMU;..\C_Source\S1_HardDrv\V9811A_MCU;..\C_Source\S1_Har
                    -dDrv\E2P_24CXXX) DEBUG OBJECTEXTEND PRINT(.\Drv_TMR.lst) OBJECT(.\Drv_TMR.obj)

line level    source

   1          /*
   2          *****************Copyright (c)*************************************
   3          **      Hangzhou Xili Watthour Meter Manufacture Co., Ltd. 
   4          **--------------file info--------------------------------------------
   5          **name                  : Drv_TMR.c
   6          **Author                : maji
   7          **date                  : 2016-04-20 
   8          **description   : MCU tmr模块的硬件驱动C代码
   9          **note                  : V9811A ，MERTER FOR DL03C
  10          **--------------------Version History -------------------------------------
  11          ** NO. Date         Ver      By         Description 
  12          **==============================================================
  13          ** 1   2016-04-26   v01.00   sosomj     1. frist version                             
  14          **
  15          **==============================================================
  16          */
  17          
  18          #include <MyIncludes_H.h>
  19          
  20          
  21          
  22          
  23          /*******************************************************************************************
  24          ** 函数名称: Start_Timer
  25          ** 功能描述: 启动Timer
  26          ** 入口参数: 无
  27          ** 出口参数: 无
  28          ** 说明    : 
  29          *******************************************************************************************/
  30          void Start_Timer(void)
  31          {
  32   1              TR0 = 1;                  //开启TIMER0  //
  33   1              ET0 = 1;
  34   1      }
  35          
  36          /*******************************************************************************************
  37          ** 函数名称: Stop_Timer
  38          ** 功能描述: 关闭Timer
  39          ** 入口参数: 无
  40          ** 出口参数: 无
  41          ** 说明    : 
  42          *******************************************************************************************/
  43          void Stop_Timer(void)
  44          {
  45   1         TR0 = 0;                                                        //关闭TIMER0  //
  46   1         ET0 = 0;
  47   1      }
  48          
  49          /*******************************************************************************************
  50          ** 函数名称: Init_Timer
  51          ** 功能描述: 初始化TIMER
  52          ** 入口参数: 无
C51 COMPILER V9.01   DRV_TMR                                                               03/11/2019 10:40:54 PAGE 2   

  53          ** 出口参数: 无
  54          ** 说明    : 
  55          *******************************************************************************************/
  56          void Init_Timer(void)
  57          {       
  58   1      
  59   1          TMOD = 0x01;             // 工作在模式1
  60   1          CKCON|=BIT3;         // clk 
  61   1          TL0  = LOBYTE(T0_10MS_CNT);         //10ms
  62   1          TH0  = HIBYTE(T0_10MS_CNT);
  63   1          Start_Timer();
  64   1      }
  65          
  66          
  67          /*******************************************************************************************
  68          **    END
  69          *******************************************************************************************/


MODULE INFORMATION:   STATIC OVERLAYABLE
   CODE SIZE        =     25    ----
   CONSTANT SIZE    =   ----    ----
   XDATA SIZE       =   ----    ----
   PDATA SIZE       =   ----    ----
   DATA SIZE        =   ----    ----
   IDATA SIZE       =   ----    ----
   BIT SIZE         =   ----    ----
END OF MODULE INFORMATION.


C51 COMPILATION COMPLETE.  0 WARNING(S),  0 ERROR(S)
