C51 COMPILER V9.01   DRV_GPIO                                                              03/11/2019 10:40:52 PAGE 1   


C51 COMPILER V9.01, COMPILATION OF MODULE DRV_GPIO
OBJECT MODULE PLACED IN .\Drv_GPIO.obj
COMPILER INVOKED BY: C:\Keil\C51\BIN\C51.EXE ..\C_Source\S1_HardDrv\V9811A_MCU\Drv_GPIO.c LARGE BROWSE INCDIR(..\C_Sourc
                    -e\S0_System;..\C_Source\S1_HardDrv;..\C_Source\S2_MyLib;..\C_Source\S3_ApiPlat;..\C_Source\S4_ApiUser;..\C_Source\S5_Api
                    -Protocol;..\C_Source\S6_MyIncludes;..\C_Source\S1_HardDrv\V9811A_EMU;..\C_Source\S1_HardDrv\V9811A_MCU;..\C_Source\S1_Ha
                    -rdDrv\E2P_24CXXX) DEBUG OBJECTEXTEND PRINT(.\Drv_GPIO.lst) OBJECT(.\Drv_GPIO.obj)

line level    source

   1          /*
   2          *****************Copyright (c)*************************************
   3          **      Hangzhou Xili Watthour Meter Manufacture Co., Ltd. 
   4          **--------------file info--------------------------------------------
   5          **name                  : Drv_GPIO.c
   6          **Author                : maji
   7          **date                  : 2016-04-20 
   8          **description   : GPIO模块的硬件驱动C代码
   9          **note                  : V9811A ，MERTER FOR DL03C
  10          **--------------------Version History -------------------------------------
  11          ** NO. Date         Ver      By         Description 
  12          **==============================================================
  13          ** 1   2016-04-26   v01.00   sosomj     1. frist version                             
  14          **
  15          **==============================================================
  16          */
  17          
  18          #include <MyIncludes_H.h>
  19          
  20          
  21          
  22          /*******************************************************************************************
  23          ** 函数名称: Init_GPIO_run
  24          ** 函数描述: 配置GPIO功能（正常运行模式下）
  25          ** 输入参数: 无
  26          ** 输出参数: 无 
  27          ** 说明    : 
  28          *******************************************************************************************/
  29          void Init_GPIO_run(void)                  
  30          {
  31   1         // P0 port  [0:3]  use for debug////JTAG
  32   1          P0OE&=(~(BIT0+BIT1+BIT2+BIT3)); //JTAG 输出 0
  33   1          P0OD&=(~(BIT0+BIT1+BIT2+BIT3));
  34   1      //      P9FC = 0;        //all IS GPIO FUNCTION //
  35   1              P9OE =0xff&(~(BIT3+BIT0+BIT2)); // SET OUTPUT FUNCTION, =0 enable output//
  36   1              P9IE = (BIT3+BIT1);                                                       // SET INPUT FUNCTION, =1 enable input//
  37   1              P9DO = 0;
  38   1              P9DO |= BIT2;//置高关闭报警灯
  39   1              UART4_INITLIZE_ON();      //TTL通讯使能
  40   1              KEY_ERR_ADJ_INITLIZE();
  41   1      //      LSD_RF_SET_DIO0_DIR_IN();
  42   1              PIN_CF_CLOSE();
  43   1              //脉冲灯
  44   1              P25FS = 0x00;
  45   1              P2OE &= (~BIT5); 
  46   1              P2OD |= BIT5;
  47   1              //下翻按键
  48   1              P14FS = 0x00;
  49   1              P1IE |= BIT4;//输入使能
  50   1              // 磁检测按键
  51   1              P13FS = 0x00;
  52   1              P1IE |= BIT3;//输入使能
C51 COMPILER V9.01   DRV_GPIO                                                              03/11/2019 10:40:52 PAGE 2   

  53   1              //需量清零
  54   1              P9FC &= (~BIT1);
  55   1              P9IE |= BIT1;
  56   1      
  57   1      }
  58          
  59          /*******************************************************************************************
  60          ** 函数名称: Init_GPIO_sleep
  61          ** 函数描述: 配置GPIO功能（低功耗运行模式下）
  62          ** 输入参数: 无
  63          ** 输出参数: 无 
  64          ** 说明    : 
  65          *******************************************************************************************/
  66          void Init_GPIO_sleep(void)                  
  67          {
  68   1          P0OE=0XFF;
  69   1          P0IE=0;
  70   1          P1OE=0XFF;  
  71   1          P1IE=0 ;
  72   1          P2OE=0XFF;
  73   1          P2IE=0;     
  74   1          P3OE=0XFF;
  75   1          P3IE=0;
  76   1          P4OE=0XFF;  
  77   1          P4IE=0;
  78   1          P5OE=0XFF;
  79   1          P5IE=0;
  80   1          P6OE=0XFF;     
  81   1          P6IE=0;
  82   1          P7OE=0XFF;
  83   1          P7IE=0;
  84   1          P8OE=0XFF;     
  85   1          P8IE=0;
  86   1          P9OE=0XFF;     
  87   1          P9IE=0;
  88   1      }
  89          
  90          
  91          
  92          /*******************************************************************************************
  93          **    END
  94          *******************************************************************************************/


MODULE INFORMATION:   STATIC OVERLAYABLE
   CODE SIZE        =    227    ----
   CONSTANT SIZE    =   ----    ----
   XDATA SIZE       =   ----    ----
   PDATA SIZE       =   ----    ----
   DATA SIZE        =   ----    ----
   IDATA SIZE       =   ----    ----
   BIT SIZE         =   ----    ----
END OF MODULE INFORMATION.


C51 COMPILATION COMPLETE.  0 WARNING(S),  0 ERROR(S)
