C51 COMPILER V9.01   DRV_KEY_IO                                                            03/12/2019 09:56:10 PAGE 1   


C51 COMPILER V9.01, COMPILATION OF MODULE DRV_KEY_IO
OBJECT MODULE PLACED IN .\Drv_KEY_IO.obj
COMPILER INVOKED BY: C:\Keil\C51\BIN\C51.EXE ..\C_Source\S1_HardDrv\V9811A_MCU\Drv_KEY_IO.c LARGE BROWSE INCDIR(..\C_Sou
                    -rce\S0_System;..\C_Source\S1_HardDrv;..\C_Source\S2_MyLib;..\C_Source\S3_ApiPlat;..\C_Source\S4_ApiUser;..\C_Source\S5_A
                    -piProtocol;..\C_Source\S6_MyIncludes;..\C_Source\S1_HardDrv\V9811A_EMU;..\C_Source\S1_HardDrv\V9811A_MCU;..\C_Source\S1_
                    -HardDrv\E2P_24CXXX) DEBUG OBJECTEXTEND PRINT(.\Drv_KEY_IO.lst) OBJECT(.\Drv_KEY_IO.obj)

line level    source

   1          /*
   2          *****************Copyright (c)*************************************
   3          **      Hangzhou Xili Watthour Meter Manufacture Co., Ltd. 
   4          **--------------file info--------------------------------------------
   5          **name                  : Drv_KEY_IO.c
   6          **Author                : maji
   7          **date                  : 2016-04-20 
   8          **description   : MCU KEYL类似内核模块的硬件驱动C代码
   9          **note                  : V9811A ，MERTER FOR DL03C
  10          **--------------------Version History -------------------------------------
  11          ** NO. Date         Ver      By         Description 
  12          **==============================================================
  13          ** 1   2016-04-26   v01.00   sosomj     1. frist version                             
  14          **
  15          **==============================================================
  16          */
  17          
  18          #include <MyIncludes_H.h>
  19          
  20          
  21                   
  22          
  23          
  24          /*******************************************************************************************
  25          ** 函数名称: Judge_ERR_ADJ_key
  26          ** 函数描述: 判断硬件校表短接点电平状态
  27          ** 输入参数: =TRUE 短接有效；=FALSE 未短接
  28          ** 输出参数: 无 
  29          ** 说明    : 短接电平为0，未短接为1
  30          *******************************************************************************************/
  31          uint8 Judge_ERR_ADJ_key(void)
  32          {
  33   1              uint8 i;
  34   1      
  35   1      
  36   1              for(i=0;i<10;i++)
  37   1              {
  38   2                      if(KEY_READ_ERR_ADJ != FALSE)   break;
  39   2              }
  40   1      
  41   1              if(i>7)
  42   1              {
  43   2                      return (TRUE); 
  44   2              }
  45   1              else
  46   1              {
  47   2                      return(FALSE);
  48   2              }
  49   1                             
  50   1      }                  
  51          /*******************************************************************************************
  52          ** 函数名称: 
C51 COMPILER V9.01   DRV_KEY_IO                                                            03/12/2019 09:56:10 PAGE 2   

  53          ** 函数描述: 
  54          ** 输入参数: 
  55          ** 输出参数: 
  56          ** 说明    :
  57          *******************************************************************************************/
  58          uint8 Judge_PG_DN_key(void)
  59          {
  60   1              uint8 i;
  61   1      
  62   1      
  63   1              for(i=0;i<10;i++)
  64   1              {
  65   2                      if((P1ID&BIT4) != FALSE)   break;
  66   2              }
  67   1      
  68   1              if(i>7)
  69   1              {
  70   2                      return (TRUE); 
  71   2              }
  72   1              else
  73   1              {
  74   2                      return(FALSE);
  75   2              }
  76   1                             
  77   1      }                  
  78          /*******************************************************************************************
  79          ** 函数名称: 
  80          ** 函数描述: 
  81          ** 输入参数: 
  82          ** 输出参数: 
  83          ** 说明    :
  84          *******************************************************************************************/
  85          uint8 Judge_MD_CLEAR_key(void)
  86          {
  87   1              uint8 i;
  88   1      
  89   1      
  90   1              for(i=0;i<10;i++)
  91   1              {
  92   2                      if((P9DI&BIT1) != FALSE)   break;
  93   2              }
  94   1      
  95   1              if(i>7)
  96   1              {
  97   2                      return (TRUE); 
  98   2              }
  99   1              else
 100   1              {
 101   2                      return(FALSE);
 102   2              }
 103   1                             
 104   1      }    
 105          
 106          /*******************************************************************************************
 107          ** 函数名称: 
 108          ** 函数描述: 
 109          ** 输入参数: 
 110          ** 输出参数: 
 111          ** 说明    :
 112          *******************************************************************************************/
 113          uint8 Judge_MAGN_CHK_key(void)
 114          {
C51 COMPILER V9.01   DRV_KEY_IO                                                            03/12/2019 09:56:10 PAGE 3   

 115   1              uint8 i;
 116   1      
 117   1      
 118   1              for(i=0;i<10;i++)
 119   1              {
 120   2                      if((P1ID&BIT3) != FALSE)   break;
 121   2              }
 122   1      
 123   1              if(i>7)
 124   1              {
 125   2                      return (TRUE); 
 126   2              }
 127   1              else
 128   1              {
 129   2                      return(FALSE);
 130   2              }
 131   1                             
 132   1      }                  
 133          
 134          
 135          /*******************************************************************************************
 136          ** 函数名称:
 137          ** 函数描述: 
 138          ** 输入参数:
 139          ** 输出参数:
 140          ** 说明    :
 141          *******************************************************************************************/
 142          uint8 Judge_ERR_COVER_key(void)
 143          {
 144   1              uint8 i;
 145   1        
 146   1      
 147   1              for(i=0;i<10;i++)
 148   1              {
 149   2                      if(KEY_READ_ERR_COVER != TRUE)   break;
 150   2              }
 151   1      
 152   1              if(i>7)
 153   1              {
 154   2                      return (TRUE); 
 155   2              }
 156   1              else
 157   1              {
 158   2                      return(FALSE);
 159   2              }
 160   1                             
 161   1      }     
 162          
 163          /*******************************************************************************************
 164          **    END
 165          *******************************************************************************************/


MODULE INFORMATION:   STATIC OVERLAYABLE
   CODE SIZE        =    126    ----
   CONSTANT SIZE    =   ----    ----
   XDATA SIZE       =   ----    ----
   PDATA SIZE       =   ----    ----
   DATA SIZE        =   ----    ----
   IDATA SIZE       =   ----    ----
   BIT SIZE         =   ----    ----
END OF MODULE INFORMATION.

C51 COMPILER V9.01   DRV_KEY_IO                                                            03/12/2019 09:56:10 PAGE 4   


C51 COMPILATION COMPLETE.  0 WARNING(S),  0 ERROR(S)
