C51 COMPILER V9.01   LIB_MYTIMER                                                           02/14/2019 10:20:39 PAGE 1   


C51 COMPILER V9.01, COMPILATION OF MODULE LIB_MYTIMER
OBJECT MODULE PLACED IN .\Lib_myTimer.obj
COMPILER INVOKED BY: C:\Keil\C51\BIN\C51.EXE ..\C_Source\S2_MyLib\Lib_myTimer.c LARGE BROWSE INCDIR(..\C_Source\S0_Syste
                    -m;..\C_Source\S1_HardDrv;..\C_Source\S2_MyLib;..\C_Source\S3_ApiPlat;..\C_Source\S4_ApiUser;..\C_Source\S5_ApiProtocol;.
                    -.\C_Source\S6_MyIncludes;..\C_Source\S1_HardDrv\V9811A_EMU;..\C_Source\S1_HardDrv\V9811A_MCU;..\C_Source\S1_HardDrv\E2P_
                    -24CXXX) DEBUG OBJECTEXTEND PRINT(.\Lib_myTimer.lst) OBJECT(.\Lib_myTimer.obj)

line level    source

   1          /*
   2          *****************Copyright (c)*************************************
   3          **      Hangzhou Xili Watthour Meter Manufacture Co., Ltd. 
   4          **--------------file info--------------------------------------------
   5          **name: Lib_myTimer.c
   6          **Author: maji
   7          **date: 
   8          **description: c code for general library function 
   9          **note: memer type  DJ04A
  10          **--------------------Version History -------------------------------------
  11          ** NO.  Date                    Ver             By                      Description 
  12          **==============================================================
  13          ** 1            2014-07-08              0.1                     sosomj                          1. frist version                             
  14          **
  15          **==============================================================
  16          */
  17          
  18          #include <MyIncludes_H.h>
  19          
  20          
  21          /****************************************************************
  22          Function:               void Lib_Delay_Nop(uchar cnt)
  23          Description:    延时CNT个NOP() 
  24          Input:
  25          Parameters:     
  26          Returns:                                
  27          Others:         
  28          ****************************************************************/
  29          void Lib_Delay_Nop(INT8U cnt)
  30          {
  31   1              while(cnt--)
  32   1              {
  33   2                      NOP();
  34   2              }
  35   1      }
  36          
  37          /****************************************************************
  38          Function:       void Lib_Delay2us(uint cnt)    
  39          Description:    CNT个2us延时
  40          Input:          cnt
  41          Parameters:     
  42          Returns:                                
  43          Others: 测试条件: 8MHz   
  44          ****************************************************************/
  45          void Lib_Delay_2us(INT8U cnt)  
  46          {
  47   1               
  48   1               
  49   1              while(cnt--)
  50   1              {
  51   2                    NOP();
  52   2                NOP();
C51 COMPILER V9.01   LIB_MYTIMER                                                           02/14/2019 10:20:39 PAGE 2   

  53   2              }       
  54   1      }
  55          
  56          
  57          
  58          /*=========================================================================================\n
  59          * @function_name: Delay1OSC
  60          * @function_file: McuDrive.c
  61          * @描述: 延时1OSC 在6Mpll 下
  62          * 
  63          * @参数: 
  64          * @返回: 
  65          * @作者:   lwb (2012-03-13)
  66          * @备注: 
  67          *-------------------------------------------------------------------------------------------
  68          * @修改人:  
  69          * @修改内容: 
  70          ===========================================================================================*/
  71          //void Delay1OSC(void)
  72          //{
  73          //    for(uint8 i=0;i<10;i++)
  74          //    {
  75          //    ;
  76          //    }
  77          //} 
  78          
  79          /****************************************************************
  80          Function:       void Lib_Delay_ms(uint cnt)   
  81          Description:    CNT个1ms延时
  82          Input:          cnt :延时相应的ms
  83          Parameters:     
  84          Returns:                                
  85          Others: 测试条件: 4.096Mhz  
  86          ****************************************************************/
  87          void Lib_Delay_ms(INT16U cnt)
  88          {
  89   1         INT16U i;
  90   1         INT8U j;
  91   1               
  92   1         for(i=cnt;i>0;i--)
  93   1         {
  94   2              for (j=0;j<230;j++)
  95   2              {
  96   3                  NOP();
  97   3              }
  98   2         }  
  99   1      }
 100          
 101          /****************************************************************
 102          Function:       void Lib_Delay_sec(uint cnt)  
 103          Description:    CNT个s延时
 104          Input:          cnt :延时相应的s
 105          Parameters:     
 106          Returns:                                
 107          Others: 测试条件: 8MHz   
 108          ****************************************************************/
 109          void Lib_Delay_sec(INT8U cnt)
 110          {
 111   1              INT8U i;
 112   1              for(i=0;i<cnt;i++)
 113   1              {
 114   2                      CLRWDT();
C51 COMPILER V9.01   LIB_MYTIMER                                                           02/14/2019 10:20:39 PAGE 3   

 115   2                      Lib_Delay_ms(1000);
 116   2              }
 117   1      }
 118          
 119          
 120          
 121          /****************************************************************
 122          Function:       void SystemDelay(uint cnt)  
 123          Description:    锐能微公司提供的系统延时函数,每个循环延时约1ms
 124          Input:          
 125          Parameters:     
 126          Returns:                                
 127          Others: 
 128          ****************************************************************/
 129          void Lib_SystemDelay(INT16U t)
 130          {
 131   1              INT16U i;
 132   1              while(t--)
 133   1              {
 134   2                      for (i = 0;i < 400;i++)
 135   2                        ;
 136   2                      CLRWDT();
 137   2              }
 138   1      }
 139          
 140          /***************************************************************
 141          *    END
 142          ****************************************************************/
 143          
 144          


MODULE INFORMATION:   STATIC OVERLAYABLE
   CODE SIZE        =    121    ----
   CONSTANT SIZE    =   ----    ----
   XDATA SIZE       =   ----    ----
   PDATA SIZE       =   ----    ----
   DATA SIZE        =   ----    ----
   IDATA SIZE       =   ----    ----
   BIT SIZE         =   ----    ----
END OF MODULE INFORMATION.


C51 COMPILATION COMPLETE.  0 WARNING(S),  0 ERROR(S)
