C51 COMPILER V9.01   MAIN                                                                  03/11/2019 10:40:46 PAGE 1   


C51 COMPILER V9.01, COMPILATION OF MODULE MAIN
OBJECT MODULE PLACED IN .\main.obj
COMPILER INVOKED BY: C:\Keil\C51\BIN\C51.EXE ..\C_Source\S0_System\main.c LARGE BROWSE INCDIR(..\C_Source\S0_System;..\C
                    -_Source\S1_HardDrv;..\C_Source\S2_MyLib;..\C_Source\S3_ApiPlat;..\C_Source\S4_ApiUser;..\C_Source\S5_ApiProtocol;..\C_So
                    -urce\S6_MyIncludes;..\C_Source\S1_HardDrv\V9811A_EMU;..\C_Source\S1_HardDrv\V9811A_MCU;..\C_Source\S1_HardDrv\E2P_24CXXX
                    -) DEBUG OBJECTEXTEND PRINT(.\main.lst) OBJECT(.\main.obj)

line level    source

   1          /*
   2          *****************Copyright (c)*************************************
   3          **      Hangzhou Xili Watthour Meter Manufacture Co., Ltd. 
   4          **--------------file info--------------------------------------------
   5          **name          : main.c
   6          **Author                : maji
   7          **date           : 2016-04-20
   8          **description   : main 主程序C文件
   9          **note                  : V9811A ，MERTER FOR DL03C
  10          **--------------------Version History -------------------------------------
  11          ** NO. Date         Ver      By         Description 
  12          **==============================================================
  13          ** 1   2016-04-26   v01.00   sosomj     1. frist version                             
  14          **
  15          **==============================================================
  16          */
  17          
  18          #include <MyIncludes_H.h>
  19          
  20          uint8  debug_tmp1;
  21          
  22          /****************************************************************
  23          Function:               void main(void)   
  24          Description:            系统主函数
  25          Input:
  26          Parameters:     
  27          Returns:                                
  28          Others:         
  29          ****************************************************************/
  30          void main(void)
  31          {
  32   1      
  33   1          NOP();
  34   1          CLRWDT();     
  35   1          DisableINT();                               // disable interrupt function  //
  36   1          Proc_Initialize_systerm_reset();  
  37   1          EnableINT();
  38   1          NOP();      
  39   1          while(1)
  40   1          {
  41   2                  CLRWDT();   // 清看门狗//
  42   2                  if(CheckPOWERUP()==TRUE)    
  43   2                  {
  44   3                              CLRWDT();        // 清看门狗//
  45   3                      if(gs_sys_run.back_fg&BIT0_FONT_FG_10MS)
  46   3                      {
  47   4                          gs_sys_run.back_fg &= ~BIT0_FONT_FG_10MS;
  48   4                          Proc_handl_tou_10ms();
  49   4                      }
  50   3                              // 上电状态下的电源管理处理  // 
  51   3                              Proc_judge_Power_down_process();          
  52   3                      if(gs_sys_run.back_fg&BIT1_BACK_FG_RTC)
C51 COMPILER V9.01   MAIN                                                                  03/11/2019 10:40:46 PAGE 2   

  53   3                      {
  54   4                          gs_sys_run.back_fg &= ~BIT1_BACK_FG_RTC;
  55   4                          Proc_handl_tou_1s();
  56   4                      }
  57   3                              if(button_flag == 1||MAGN_flag == 1)
  58   3                              {
  59   4                                      api_updated_LCDDisplayItem_per_second();
  60   4                              }
  61   3                              if(MD_flag == 1)
  62   3                              {
  63   4                                      MD_flag = 0;
  64   4                                      api_clr_current_MD_data();
  65   4                                      CLRWDT();   // 清看门狗//
  66   4                                      api_deal_even_class_recode(ID_CLASS_I_resetMD,START);
  67   4                                      Full_SEG(0xFF);
  68   4                                      MD_dis_delay = 3;//延迟3秒
  69   4                              }
  70   3                              // 上电状态下的电源管理处理  // 
  71   3                              Proc_judge_Power_down_process();          
  72   3      //                      Drv_relay_run_check();   //继电器操作状态检查  //
  73   3                              CLRWDT();       // 清看门狗//
  74   3                  }
  75   2                      // 上电状态下的电源管理处理  //   
  76   2                  Proc_judge_Power_down_process();     
  77   2              }
  78   1      }
  79          
  80          
  81          /***************************************************************
  82          *    END
  83          ****************************************************************/
  84          


MODULE INFORMATION:   STATIC OVERLAYABLE
   CODE SIZE        =    175    ----
   CONSTANT SIZE    =   ----    ----
   XDATA SIZE       =      1    ----
   PDATA SIZE       =   ----    ----
   DATA SIZE        =   ----    ----
   IDATA SIZE       =   ----    ----
   BIT SIZE         =   ----    ----
END OF MODULE INFORMATION.


C51 COMPILATION COMPLETE.  0 WARNING(S),  0 ERROR(S)
